number,value,datetime_start,datetime_complete,duration,params_C,system_attrs_fixed_params,system_attrs_tpe:relative_params:0,state
0,0.2100195953583592,2026-10-07 03:35:29.349221,2026-10-07 03:35:44.009116,0 days 00:00:14.659895,1.0,{'C': 1.0},,COMPLETE
1,0.21021421406008897,2026-10-07 03:35:44.009271,2026-10-07 03:35:55.790634,0 days 00:00:11.781363,0.03148911647956861,,,COMPLETE
2,0.2102201798401562,2026-10-07 03:35:55.790729,2026-10-07 03:36:14.225875,0 days 00:00:18.435146,6.351221010640703,,,COMPLETE
3,0.21008096077373214,2026-10-07 03:36:14.225954,2026-10-07 03:36:29.114571,0 days 00:00:14.888617,0.8471801418819978,,,COMPLETE
4,0.21031976817800987,2026-10-07 03:36:29.114644,2026-10-07 03:36:42.158928,0 days 00:00:13.044284,0.24810409748678125,,,COMPLETE
5,0.2070746085460293,2026-10-07 03:36:42.158999,2026-10-07 03:36:52.504727,0 days 00:00:10.345728,0.004207988669606638,,,COMPLETE
6,0.20707511847632154,2026-10-07 03:36:52.504810,2026-10-07 03:37:02.766848,0 days 00:00:10.262038,0.004207053950287938,,,COMPLETE
7,0.21616093760942032,2026-10-07 03:37:02.766918,2026-10-07 03:37:05.738001,0 days 00:00:02.971083,0.0017073967431528124,,,PRUNED
8,0.2188968161381562,2026-10-07 03:37:05.738058,2026-10-07 03:37:11.378498,0 days 00:00:05.640440,2.9154431891537547,,,PRUNED
9,0.21018994316923936,2026-10-07 03:37:11.378549,2026-10-07 03:37:24.247231,0 days 00:00:12.868682,0.2537815508265665,,,COMPLETE
10,0.2103918726786225,2026-10-07 03:37:24.247300,2026-10-07 03:37:35.904569,0 days 00:00:11.657269,0.0796433554014517,,"{""C"": 0.0796433554014517}",COMPLETE
11,0.21035263683571515,2026-10-07 03:37:35.904639,2026-10-07 03:37:47.153893,0 days 00:00:11.249254,0.07049586926552574,,"{""C"": 0.07049586926552574}",COMPLETE
12,0.21011775239972832,2026-10-07 03:37:47.153961,2026-10-07 03:37:58.324218,0 days 00:00:11.170257,0.034566346629437826,,"{""C"": 0.034566346629437826}",COMPLETE
13,0.21016051644649644,2026-10-07 03:37:58.324297,2026-10-07 03:38:09.565369,0 days 00:00:11.241072,0.03944719878620732,,"{""C"": 0.03944719878620732}",COMPLETE
14,0.21034993105002286,2026-10-07 03:38:09.565435,2026-10-07 03:38:20.794853,0 days 00:00:11.229418,0.12580103179117016,,"{""C"": 0.12580103179117016}",COMPLETE
15,0.2097781348389466,2026-10-07 03:38:20.794919,2026-10-07 03:38:33.879511,0 days 00:00:13.084592,0.015931596269242548,,"{""C"": 0.015931596269242548}",COMPLETE
16,0.21029745915435202,2026-10-07 03:38:33.879584,2026-10-07 03:38:45.210105,0 days 00:00:11.330521,0.09982236904396052,,"{""C"": 0.09982236904396052}",COMPLETE
17,0.2092756562388606,2026-10-07 03:38:45.210191,2026-10-07 03:38:57.456814,0 days 00:00:12.246623,0.011790082187419264,,"{""C"": 0.011790082187419264}",COMPLETE
18,0.21946702216991099,2026-10-07 03:38:57.456882,2026-10-07 03:39:01.986690,0 days 00:00:04.529808,0.43049910895511795,,"{""C"": 0.43049910895511795}",PRUNED
19,0.21027402805076836,2026-10-07 03:39:01.986740,2026-10-07 03:39:13.866857,0 days 00:00:11.880117,0.08397323218669946,,"{""C"": 0.08397323218669946}",COMPLETE
20,0.20879045621807443,2026-10-07 03:39:13.866924,2026-10-07 03:39:25.516013,0 days 00:00:11.649089,0.008231180865568866,,"{""C"": 0.008231180865568866}",COMPLETE
21,0.2203602432875294,2026-10-07 03:39:25.516100,2026-10-07 03:39:29.653978,0 days 00:00:04.137878,0.1019997859877027,,"{""C"": 0.1019997859877027}",PRUNED
22,0.2200899554146838,2026-10-07 03:39:29.654025,2026-10-07 03:39:33.885044,0 days 00:00:04.231019,0.14564264764304488,,"{""C"": 0.14564264764304488}",PRUNED
23,0.21027956043399323,2026-10-07 03:39:33.885110,2026-10-07 03:39:45.332170,0 days 00:00:11.447060,0.04403693628486052,,"{""C"": 0.04403693628486052}",COMPLETE
24,0.21919290404891462,2026-10-07 03:39:45.332239,2026-10-07 03:39:50.032946,0 days 00:00:04.700707,0.6071920255454575,,"{""C"": 0.6071920255454575}",PRUNED
25,0.21971049045200583,2026-10-07 03:39:50.032997,2026-10-07 03:39:54.512931,0 days 00:00:04.479934,0.23585476639969039,,"{""C"": 0.23585476639969039}",PRUNED
26,0.21033562858815333,2026-10-07 03:39:54.512982,2026-10-07 03:40:06.755271,0 days 00:00:12.242289,0.06427612554888582,,"{""C"": 0.06427612554888582}",COMPLETE
27,0.21937271936081007,2026-10-07 03:40:06.755343,2026-10-07 03:40:11.437611,0 days 00:00:04.682268,1.7016789447555125,,"{""C"": 1.7016789447555125}",PRUNED
28,0.20984190728102603,2026-10-07 03:40:11.437660,2026-10-07 03:40:24.576864,0 days 00:00:13.139204,0.016221112327802375,,"{""C"": 0.016221112327802375}",COMPLETE
29,0.21953667881643202,2026-10-07 03:40:24.576931,2026-10-07 03:40:28.831859,0 days 00:00:04.254928,0.3832002315345676,,"{""C"": 0.3832002315345676}",PRUNED
30,0.21883625101402016,2026-10-07 03:40:28.831907,2026-10-07 03:40:33.768323,0 days 00:00:04.936416,1.480735529039745,,"{""C"": 1.480735529039745}",PRUNED
31,0.21035310571639443,2026-10-07 03:40:33.768371,2026-10-07 03:40:45.187287,0 days 00:00:11.418916,0.06976901831992403,,"{""C"": 0.06976901831992403}",COMPLETE
32,0.21992603476078598,2026-10-07 03:40:45.187356,2026-10-07 03:40:49.307891,0 days 00:00:04.120535,0.14381516641874864,,"{""C"": 0.14381516641874864}",PRUNED
33,0.20994727627764054,2026-10-07 03:40:49.307937,2026-10-07 03:41:02.930646,0 days 00:00:13.622709,0.024556607536326647,,"{""C"": 0.024556607536326647}",COMPLETE
34,0.22027618491922885,2026-10-07 03:41:02.930716,2026-10-07 03:41:06.648933,0 days 00:00:03.718217,0.14981999859710252,,"{""C"": 0.14981999859710252}",PRUNED
35,0.21035932934017068,2026-10-07 03:41:06.648982,2026-10-07 03:41:18.058279,0 days 00:00:11.409297,0.05367794507655822,,"{""C"": 0.05367794507655822}",COMPLETE
36,0.21039157659931781,2026-10-07 03:41:18.058360,2026-10-07 03:41:29.754989,0 days 00:00:11.696629,0.057934393208367733,,"{""C"": 0.057934393208367733}",COMPLETE
37,0.209975676540639,2026-10-07 03:41:29.755057,2026-10-07 03:41:41.662779,0 days 00:00:11.907722,0.023506997063237126,,"{""C"": 0.023506997063237126}",COMPLETE
38,0.21976993597382075,2026-10-07 03:41:41.662848,2026-10-07 03:41:45.003376,0 days 00:00:03.340528,0.004839668264505079,,"{""C"": 0.004839668264505079}",PRUNED
39,0.21032923526841815,2026-10-07 03:41:45.003425,2026-10-07 03:41:56.101631,0 days 00:00:11.098206,0.05187162753173712,,"{""C"": 0.05187162753173712}",COMPLETE
