number,value,datetime_start,datetime_complete,duration,params_colsample_bytree,params_learning_rate,params_max_depth,params_min_child_weight,params_n_estimators,params_reg_alpha,params_reg_lambda,params_subsample,system_attrs_fixed_params,system_attrs_tpe:relative_params:0,state
0,0.22812252937384878,2026-10-07 03:59:28.440565,2026-10-07 03:59:49.336807,0 days 00:00:20.896242,0.7,0.05,5,5.0,400,0.01,1.0,0.8,"{'n_estimators': 400, 'learning_rate': 0.05, 'max_depth': 5, 'min_child_weight': 5.0, 'subsample': 0.8, 'colsample_bytree': 0.7, 'reg_lambda': 1.0, 'reg_alpha': 0.01}",,COMPLETE
1,0.1906042807167847,2026-10-07 03:59:49.336896,2026-10-07 04:00:21.875030,0 days 00:00:32.538134,0.49359671220172163,0.17254716573280354,7,6.009974718380312,500,2.9154431891537547,0.0017073967431528124,0.6624074561769746,,,COMPLETE
2,0.22350133019626603,2026-10-07 04:00:21.875139,2026-10-07 04:00:48.555401,0 days 00:00:26.680262,0.5274034664069657,0.08341106432362087,3,18.276027831785726,700,0.00541524411940254,0.005337032762603957,0.9329770563201687,,,COMPLETE
3,0.2276855793759974,2026-10-07 04:00:48.555485,2026-10-07 04:01:09.073528,0 days 00:00:20.518043,0.4836963163912251,0.048164145309070844,5,2.3927528765580632,400,0.029204338471814112,0.01474275315991467,0.8447411578889518,,,COMPLETE
4,0.2225677823370609,2026-10-07 04:01:09.073613,2026-10-07 04:01:33.731139,0 days 00:00:24.657526,0.42787024763199866,0.10508421338691762,4,4.666963767236923,600,0.004809461967501573,0.26926469100861794,0.836965827544817,,,COMPLETE
5,0.21269932918359855,2026-10-07 04:01:33.731226,2026-10-07 04:01:39.193143,0 days 00:00:05.461917,0.45860326840383037,0.17160445029754812,8,11.265466963346027,200,0.057624872164786026,0.5456725485601477,0.7218455076693483,,,PRUNED
6,0.2365282804775372,2026-10-07 04:01:39.193196,2026-10-07 04:01:44.299578,0 days 00:00:05.106382,0.7975133706123891,0.04407984038169244,3,15.242391728466368,300,0.12030178871154672,0.017654048052495083,0.7035119926400067,,,PRUNED
7,0.22578865347835844,2026-10-07 04:01:44.299626,2026-10-07 04:02:21.459618,0 days 00:00:37.159992,0.9368964102565893,0.017398074711291726,8,10.196967939171484,600,4.869640941520899,0.24637685958997463,0.9757995766256756,,,COMPLETE
8,0.22998343196682614,2026-10-07 04:02:21.459704,2026-10-07 04:02:25.736546,0 days 00:00:04.276842,0.5628094190643376,0.017987863473362915,3,2.6501137707458966,200,0.026730883107816707,2.0651425578959257,0.7554709158757928,,,PRUNED
9,0.2413510357762172,2026-10-07 04:02:25.736590,2026-10-07 04:02:31.914785,0 days 00:00:06.178195,0.9921321619603104,0.05082341959721458,3,11.058146376563,400,0.0062353771356731605,1.2273800987852967,0.6298202574719083,,,PRUNED
10,0.22553847058349938,2026-10-07 04:02:31.914831,2026-10-07 04:02:53.559390,0 days 00:00:21.644559,0.7103044388773951,0.02024966481900858,5,5.15390118301406,400,0.004780748637095449,4.182693265657139,0.7068083614330185,,"{""colsample_bytree"": 0.7103044388773951, ""learning_rate"": 0.02024966481900858, ""max_depth"": 5, ""min_child_weight"": 5.15390118301406, ""n_estimators"": 400, ""reg_alpha"": 0.004780748637095449, ""reg_lambda"": 4.182693265657139, ""subsample"": 0.7068083614330185}",COMPLETE
11,0.2409687882290138,2026-10-07 04:02:53.559471,2026-10-07 04:03:01.120729,0 days 00:00:07.561258,0.512461690930652,0.06269585526162812,5,4.142656141752152,500,0.09885922717859819,0.02565104288341578,0.9101736391921752,,"{""colsample_bytree"": 0.512461690930652, ""learning_rate"": 0.06269585526162812, ""max_depth"": 5, ""min_child_weight"": 4.142656141752152, ""n_estimators"": 500, ""reg_alpha"": 0.09885922717859819, ""reg_lambda"": 0.02565104288341578, ""subsample"": 0.9101736391921752}",PRUNED
12,0.2397507241251314,2026-10-07 04:03:01.120790,2026-10-07 04:03:09.279254,0 days 00:00:08.158464,0.40424409292436736,0.06030837572786565,6,1.1758036411846933,500,0.004457346949822738,0.003894347176825979,0.8658894253904598,,"{""colsample_bytree"": 0.40424409292436736, ""learning_rate"": 0.06030837572786565, ""max_depth"": 6, ""min_child_weight"": 1.1758036411846933, ""n_estimators"": 500, ""reg_alpha"": 0.004457346949822738, ""reg_lambda"": 0.003894347176825979, ""subsample"": 0.8658894253904598}",PRUNED
13,0.24079949437374698,2026-10-07 04:03:09.279301,2026-10-07 04:03:17.717342,0 days 00:00:08.438041,0.8316607235101869,0.029796432471803806,6,3.2924390633469587,500,0.0235621929898479,0.2944812842309868,0.7616248371520816,,"{""colsample_bytree"": 0.8316607235101869, ""learning_rate"": 0.029796432471803806, ""max_depth"": 6, ""min_child_weight"": 3.2924390633469587, ""n_estimators"": 500, ""reg_alpha"": 0.0235621929898479, ""reg_lambda"": 0.2944812842309868, ""subsample"": 0.7616248371520816}",PRUNED
14,0.22756724695674965,2026-10-07 04:03:17.717391,2026-10-07 04:03:39.868071,0 days 00:00:22.150680,0.8044980928529508,0.054050786147518536,4,3.012921604231034,500,0.003978378886315929,0.00463300574648617,0.7951832272169983,,"{""colsample_bytree"": 0.8044980928529508, ""learning_rate"": 0.054050786147518536, ""max_depth"": 4, ""min_child_weight"": 3.012921604231034, ""n_estimators"": 500, ""reg_alpha"": 0.003978378886315929, ""reg_lambda"": 0.00463300574648617, ""subsample"": 0.7951832272169983}",COMPLETE
15,0.23948982783461709,2026-10-07 04:03:39.868173,2026-10-07 04:03:44.447055,0 days 00:00:04.578882,0.5406430284229755,0.07252418915674871,6,4.3595519595844605,200,0.020433276246769327,0.5218322237410814,0.8335101157933423,,"{""colsample_bytree"": 0.5406430284229755, ""learning_rate"": 0.07252418915674871, ""max_depth"": 6, ""min_child_weight"": 4.3595519595844605, ""n_estimators"": 200, ""reg_alpha"": 0.020433276246769327, ""reg_lambda"": 0.5218322237410814, ""subsample"": 0.8335101157933423}",PRUNED
16,0.22745305657919465,2026-10-07 04:03:44.447121,2026-10-07 04:03:58.136113,0 days 00:00:13.688992,0.41138956549752553,0.060553160350638686,4,1.3420598885996045,200,0.08547455654405099,0.0010516293998363152,0.8459450382785966,,"{""colsample_bytree"": 0.41138956549752553, ""learning_rate"": 0.060553160350638686, ""max_depth"": 4, ""min_child_weight"": 1.3420598885996045, ""n_estimators"": 200, ""reg_alpha"": 0.08547455654405099, ""reg_lambda"": 0.0010516293998363152, ""subsample"": 0.8459450382785966}",COMPLETE
17,0.240219862654367,2026-10-07 04:03:58.136197,2026-10-07 04:04:03.767855,0 days 00:00:05.631658,0.4758629981892662,0.05184354001448035,5,2.8441186582095046,300,0.01222256671450971,0.06239812387385589,0.7173932693434513,,"{""colsample_bytree"": 0.4758629981892662, ""learning_rate"": 0.05184354001448035, ""max_depth"": 5, ""min_child_weight"": 2.8441186582095046, ""n_estimators"": 300, ""reg_alpha"": 0.01222256671450971, ""reg_lambda"": 0.06239812387385589, ""subsample"": 0.7173932693434513}",PRUNED
18,0.23559188992326824,2026-10-07 04:04:03.767898,2026-10-07 04:04:13.196300,0 days 00:00:09.428402,0.43580084235087685,0.06113737569343525,6,4.931379905000668,600,0.07486950703104579,4.26929035598278,0.8568161048737497,,"{""colsample_bytree"": 0.43580084235087685, ""learning_rate"": 0.06113737569343525, ""max_depth"": 6, ""min_child_weight"": 4.931379905000668, ""n_estimators"": 600, ""reg_alpha"": 0.07486950703104579, ""reg_lambda"": 4.26929035598278, ""subsample"": 0.8568161048737497}",PRUNED
19,0.22859713910325966,2026-10-07 04:04:13.196348,2026-10-07 04:04:30.971901,0 days 00:00:17.775553,0.49231749215097315,0.030259772293335003,5,2.8814611215703136,300,0.05376049125894514,0.5612774410945878,0.8313103689560867,,"{""colsample_bytree"": 0.49231749215097315, ""learning_rate"": 0.030259772293335003, ""max_depth"": 5, ""min_child_weight"": 2.8814611215703136, ""n_estimators"": 300, ""reg_alpha"": 0.05376049125894514, ""reg_lambda"": 0.5612774410945878, ""subsample"": 0.8313103689560867}",COMPLETE
20,0.2310116813752687,2026-10-07 04:04:30.971979,2026-10-07 04:04:35.203255,0 days 00:00:04.231276,0.440722493352529,0.030432339140202425,3,4.060114827968478,200,0.2025049056454373,1.000025238579032,0.883340783978358,,"{""colsample_bytree"": 0.440722493352529, ""learning_rate"": 0.030432339140202425, ""max_depth"": 3, ""min_child_weight"": 4.060114827968478, ""n_estimators"": 200, ""reg_alpha"": 0.2025049056454373, ""reg_lambda"": 1.000025238579032, ""subsample"": 0.883340783978358}",PRUNED
21,0.23951999634099333,2026-10-07 04:04:35.203313,2026-10-07 04:04:41.178427,0 days 00:00:05.975114,0.45130173068205226,0.026357911104089412,5,1.67121251392862,300,0.30993751843434697,6.703359220520509,0.8593813165516688,,"{""colsample_bytree"": 0.45130173068205226, ""learning_rate"": 0.026357911104089412, ""max_depth"": 5, ""min_child_weight"": 1.67121251392862, ""n_estimators"": 300, ""reg_alpha"": 0.30993751843434697, ""reg_lambda"": 6.703359220520509, ""subsample"": 0.8593813165516688}",PRUNED
22,0.22774394840187598,2026-10-07 04:04:41.178474,2026-10-07 04:05:00.340281,0 days 00:00:19.161807,0.5696111254218229,0.03936870261070904,4,3.8732643462583343,400,0.005236880690948929,0.007857094230108368,0.8605843510018548,,"{""colsample_bytree"": 0.5696111254218229, ""learning_rate"": 0.03936870261070904, ""max_depth"": 4, ""min_child_weight"": 3.8732643462583343, ""n_estimators"": 400, ""reg_alpha"": 0.005236880690948929, ""reg_lambda"": 0.007857094230108368, ""subsample"": 0.8605843510018548}",COMPLETE
23,0.22797959495100548,2026-10-07 04:05:00.340365,2026-10-07 04:05:24.764812,0 days 00:00:24.424447,0.6533233791084854,0.03980401007888073,5,9.077126796896902,500,0.031386939365206715,3.936188837755513,0.7702052345935924,,"{""colsample_bytree"": 0.6533233791084854, ""learning_rate"": 0.03980401007888073, ""max_depth"": 5, ""min_child_weight"": 9.077126796896902, ""n_estimators"": 500, ""reg_alpha"": 0.031386939365206715, ""reg_lambda"": 3.936188837755513, ""subsample"": 0.7702052345935924}",COMPLETE
24,0.24098683375094748,2026-10-07 04:05:24.764903,2026-10-07 04:05:31.985928,0 days 00:00:07.221025,0.7451583986649988,0.056291531143236165,6,7.2992631002987345,400,0.01359457169496924,0.6060341843179238,0.7456663472859595,,"{""colsample_bytree"": 0.7451583986649988, ""learning_rate"": 0.056291531143236165, ""max_depth"": 6, ""min_child_weight"": 7.2992631002987345, ""n_estimators"": 400, ""reg_alpha"": 0.01359457169496924, ""reg_lambda"": 0.6060341843179238, ""subsample"": 0.7456663472859595}",PRUNED
25,0.22622911011333216,2026-10-07 04:05:31.985974,2026-10-07 04:05:51.368143,0 days 00:00:19.382169,0.6899803554903194,0.04085653003910412,4,6.730300524746073,400,0.04014125290844439,3.9748785970641265,0.8363736274447653,,"{""colsample_bytree"": 0.6899803554903194, ""learning_rate"": 0.04085653003910412, ""max_depth"": 4, ""min_child_weight"": 6.730300524746073, ""n_estimators"": 400, ""reg_alpha"": 0.04014125290844439, ""reg_lambda"": 3.9748785970641265, ""subsample"": 0.8363736274447653}",COMPLETE
26,0.24193526483253555,2026-10-07 04:05:51.368224,2026-10-07 04:06:00.399476,0 days 00:00:09.031252,0.8706261631167634,0.0379928822328892,6,10.021334239008876,500,0.011979603397183737,6.395577216828142,0.7514049442671819,,"{""colsample_bytree"": 0.8706261631167634, ""learning_rate"": 0.0379928822328892, ""max_depth"": 6, ""min_child_weight"": 10.021334239008876, ""n_estimators"": 500, ""reg_alpha"": 0.011979603397183737, ""reg_lambda"": 6.395577216828142, ""subsample"": 0.7514049442671819}",PRUNED
27,0.22977750421958162,2026-10-07 04:06:00.399523,2026-10-07 04:06:20.988431,0 days 00:00:20.588908,0.7335430892440543,0.041044662290681766,5,3.9229240100223266,400,0.006873906944780478,0.14154734081530318,0.8321681742646763,,"{""colsample_bytree"": 0.7335430892440543, ""learning_rate"": 0.041044662290681766, ""max_depth"": 5, ""min_child_weight"": 3.9229240100223266, ""n_estimators"": 400, ""reg_alpha"": 0.006873906944780478, ""reg_lambda"": 0.14154734081530318, ""subsample"": 0.8321681742646763}",COMPLETE
28,0.22975680286330669,2026-10-07 04:06:20.988513,2026-10-07 04:06:39.605995,0 days 00:00:18.617482,0.47996436960383076,0.027560331576599206,6,2.0911782320903427,300,0.07156282289495514,0.17146360077649542,0.8151673326276125,,"{""colsample_bytree"": 0.47996436960383076, ""learning_rate"": 0.027560331576599206, ""max_depth"": 6, ""min_child_weight"": 2.0911782320903427, ""n_estimators"": 300, ""reg_alpha"": 0.07156282289495514, ""reg_lambda"": 0.17146360077649542, ""subsample"": 0.8151673326276125}",COMPLETE
29,0.23026236633745645,2026-10-07 04:06:39.606078,2026-10-07 04:07:00.356340,0 days 00:00:20.750262,0.40450390958022575,0.03135138534055296,5,2.401685405066297,400,0.15236215735278885,0.10151123541362836,0.8317247442313338,,"{""colsample_bytree"": 0.40450390958022575, ""learning_rate"": 0.03135138534055296, ""max_depth"": 5, ""min_child_weight"": 2.401685405066297, ""n_estimators"": 400, ""reg_alpha"": 0.15236215735278885, ""reg_lambda"": 0.10151123541362836, ""subsample"": 0.8317247442313338}",COMPLETE
30,0.2301831662164386,2026-10-07 04:07:00.356422,2026-10-07 04:07:17.229555,0 days 00:00:16.873133,0.666484011605478,0.05035775490414409,5,2.104975448941098,300,0.027594672258693956,0.07782830420569084,0.8338237868238916,,"{""colsample_bytree"": 0.666484011605478, ""learning_rate"": 0.05035775490414409, ""max_depth"": 5, ""min_child_weight"": 2.104975448941098, ""n_estimators"": 300, ""reg_alpha"": 0.027594672258693956, ""reg_lambda"": 0.07782830420569084, ""subsample"": 0.8338237868238916}",COMPLETE
31,0.22863464598481695,2026-10-07 04:07:17.229637,2026-10-07 04:07:34.675958,0 days 00:00:17.446321,0.48183086048748597,0.03064080065614735,5,3.019849120090046,300,0.013769513478515613,0.12454565298031735,0.8033570899603908,,"{""colsample_bytree"": 0.48183086048748597, ""learning_rate"": 0.03064080065614735, ""max_depth"": 5, ""min_child_weight"": 3.019849120090046, ""n_estimators"": 300, ""reg_alpha"": 0.013769513478515613, ""reg_lambda"": 0.12454565298031735, ""subsample"": 0.8033570899603908}",COMPLETE
32,0.2290498899740987,2026-10-07 04:07:34.676038,2026-10-07 04:07:48.603345,0 days 00:00:13.927307,0.7616924816620466,0.04695038963297668,5,3.913724271455079,200,0.02051086747770584,0.09142026102958031,0.8595135754951562,,"{""colsample_bytree"": 0.7616924816620466, ""learning_rate"": 0.04695038963297668, ""max_depth"": 5, ""min_child_weight"": 3.913724271455079, ""n_estimators"": 200, ""reg_alpha"": 0.02051086747770584, ""reg_lambda"": 0.09142026102958031, ""subsample"": 0.8595135754951562}",COMPLETE
33,0.2389454508810119,2026-10-07 04:07:48.603424,2026-10-07 04:07:53.023603,0 days 00:00:04.420179,0.40888884444975826,0.03400146210493522,4,2.388453666144116,200,0.06361016674842755,0.21043811234728071,0.8013720684415905,,"{""colsample_bytree"": 0.40888884444975826, ""learning_rate"": 0.03400146210493522, ""max_depth"": 4, ""min_child_weight"": 2.388453666144116, ""n_estimators"": 200, ""reg_alpha"": 0.06361016674842755, ""reg_lambda"": 0.21043811234728071, ""subsample"": 0.8013720684415905}",PRUNED
34,0.241380503547116,2026-10-07 04:07:53.023649,2026-10-07 04:07:59.160707,0 days 00:00:06.137058,0.4731896163835273,0.027993664411867895,5,1.683267167422453,300,0.5564991665889731,0.20142238899208748,0.8058837500320635,,"{""colsample_bytree"": 0.4731896163835273, ""learning_rate"": 0.027993664411867895, ""max_depth"": 5, ""min_child_weight"": 1.683267167422453, ""n_estimators"": 300, ""reg_alpha"": 0.5564991665889731, ""reg_lambda"": 0.20142238899208748, ""subsample"": 0.8058837500320635}",PRUNED
35,0.24256362214095872,2026-10-07 04:07:59.160757,2026-10-07 04:08:04.270867,0 days 00:00:05.110110,0.546521677651725,0.020671771557729732,6,3.731417567293646,200,0.03839671988150998,0.14566707199511522,0.8064753132894511,,"{""colsample_bytree"": 0.546521677651725, ""learning_rate"": 0.020671771557729732, ""max_depth"": 6, ""min_child_weight"": 3.731417567293646, ""n_estimators"": 200, ""reg_alpha"": 0.03839671988150998, ""reg_lambda"": 0.14566707199511522, ""subsample"": 0.8064753132894511}",PRUNED
36,0.22907038799825644,2026-10-07 04:08:04.270912,2026-10-07 04:08:29.169736,0 days 00:00:24.898824,0.4240274196252054,0.018832815990763908,5,2.98938455549894,500,0.27569440470879425,0.06315522887320874,0.8077572807834761,,"{""colsample_bytree"": 0.4240274196252054, ""learning_rate"": 0.018832815990763908, ""max_depth"": 5, ""min_child_weight"": 2.98938455549894, ""n_estimators"": 500, ""reg_alpha"": 0.27569440470879425, ""reg_lambda"": 0.06315522887320874, ""subsample"": 0.8077572807834761}",COMPLETE
37,0.22995875042677283,2026-10-07 04:08:29.169819,2026-10-07 04:08:49.307037,0 days 00:00:20.137218,0.4083165129126719,0.05461003636197568,5,1.9297904813987858,400,0.4121897744496465,0.08375266441474782,0.8540618417664387,,"{""colsample_bytree"": 0.4083165129126719, ""learning_rate"": 0.05461003636197568, ""max_depth"": 5, ""min_child_weight"": 1.9297904813987858, ""n_estimators"": 400, ""reg_alpha"": 0.4121897744496465, ""reg_lambda"": 0.08375266441474782, ""subsample"": 0.8540618417664387}",COMPLETE
38,0.24276089785975785,2026-10-07 04:08:49.307138,2026-10-07 04:08:53.730053,0 days 00:00:04.422915,0.5079015748651378,0.0641116364323479,5,1.5444918992844203,200,0.0989825008826488,0.12499079136848489,0.8514059434623549,,"{""colsample_bytree"": 0.5079015748651378, ""learning_rate"": 0.0641116364323479, ""max_depth"": 5, ""min_child_weight"": 1.5444918992844203, ""n_estimators"": 200, ""reg_alpha"": 0.0989825008826488, ""reg_lambda"": 0.12499079136848489, ""subsample"": 0.8514059434623549}",PRUNED
39,0.24131218431353918,2026-10-07 04:08:53.730120,2026-10-07 04:09:00.381541,0 days 00:00:06.651421,0.5061343187958378,0.05999019114249948,5,2.2519229145811446,400,0.26696453675968146,0.01341069978625831,0.8845545165916329,,"{""colsample_bytree"": 0.5061343187958378, ""learning_rate"": 0.05999019114249948, ""max_depth"": 5, ""min_child_weight"": 2.2519229145811446, ""n_estimators"": 400, ""reg_alpha"": 0.26696453675968146, ""reg_lambda"": 0.01341069978625831, ""subsample"": 0.8845545165916329}",PRUNED
