number,value,datetime_start,datetime_complete,duration,params_colsample_bytree,params_learning_rate,params_min_child_samples,params_n_estimators,params_num_leaves,params_reg_alpha,params_reg_lambda,params_subsample,system_attrs_fixed_params,system_attrs_tpe:relative_params:0,state
0,0.2261367412629982,2026-10-07 04:09:21.724580,2026-10-07 04:09:38.874298,0 days 00:00:17.149718,0.7,0.05,50,400,31,0.01,1.0,0.8,"{'n_estimators': 400, 'learning_rate': 0.05, 'num_leaves': 31, 'min_child_samples': 50, 'subsample': 0.8, 'colsample_bytree': 0.7, 'reg_lambda': 1.0, 'reg_alpha': 0.01}",,COMPLETE
1,0.18589360643521488,2026-10-07 04:09:38.874393,2026-10-07 04:09:59.725742,0 days 00:00:20.851349,0.49359671220172163,0.17254716573280354,59,500,71,2.9154431891537547,0.0017073967431528124,0.6624074561769746,,,COMPLETE
2,0.21899445839905476,2026-10-07 04:09:59.725829,2026-10-07 04:10:16.884257,0 days 00:00:17.158428,0.5274034664069657,0.08341106432362087,183,700,15,0.00541524411940254,0.005337032762603957,0.9329770563201687,,,COMPLETE
3,0.2287194238303025,2026-10-07 04:10:16.884343,2026-10-07 04:10:30.210413,0 days 00:00:13.326070,0.4836963163912251,0.048164145309070844,23,400,37,0.029204338471814112,0.01474275315991467,0.8447411578889518,,,COMPLETE
4,0.2154027884223544,2026-10-07 04:10:30.210496,2026-10-07 04:10:45.422422,0 days 00:00:15.211926,0.42787024763199866,0.10508421338691762,46,600,22,0.004809461967501573,0.26926469100861794,0.836965827544817,,,COMPLETE
5,0.19699233129870447,2026-10-07 04:10:45.422507,2026-10-07 04:10:50.099495,0 days 00:00:04.676988,0.45860326840383037,0.17160445029754812,112,200,118,0.057624872164786026,0.5456725485601477,0.7218455076693483,,,PRUNED
6,0.22378576036150458,2026-10-07 04:10:50.099549,2026-10-07 04:11:00.538506,0 days 00:00:10.438957,0.7975133706123891,0.04407984038169244,152,300,16,0.12030178871154672,0.017654048052495083,0.7035119926400067,,,COMPLETE
7,0.23146673328145714,2026-10-07 04:11:00.538587,2026-10-07 04:11:10.620720,0 days 00:00:10.082133,0.9368964102565893,0.017398074711291726,101,600,119,4.869640941520899,0.24637685958997463,0.9757995766256756,,,PRUNED
8,0.2231310907243529,2026-10-07 04:11:10.620839,2026-10-07 04:11:20.217372,0 days 00:00:09.596533,0.5628094190643376,0.017987863473362915,26,200,16,0.026730883107816707,2.0651425578959257,0.7554709158757928,,,COMPLETE
9,0.23601947943478435,2026-10-07 04:11:20.217455,2026-10-07 04:11:24.272372,0 days 00:00:04.054917,0.9921321619603104,0.05082341959721458,110,400,20,0.0062353771356731605,1.2273800987852967,0.6298202574719083,,,PRUNED
10,0.21450843594640912,2026-10-07 04:11:24.272420,2026-10-07 04:11:29.993269,0 days 00:00:05.720849,0.42462731923135383,0.13780101178385867,12,700,36,0.01166932707356988,0.0068811507189842575,0.9575453206481053,,"{""colsample_bytree"": 0.42462731923135383, ""learning_rate"": 0.13780101178385867, ""min_child_samples"": 12, ""n_estimators"": 700, ""num_leaves"": 36, ""reg_alpha"": 0.01166932707356988, ""reg_lambda"": 0.0068811507189842575, ""subsample"": 0.9575453206481053}",PRUNED
11,0.23052585386959407,2026-10-07 04:11:29.993323,2026-10-07 04:11:35.501177,0 days 00:00:05.507854,0.512461690930652,0.06269585526162812,27,600,45,0.09885922717859819,0.02565104288341578,0.9101736391921752,,"{""colsample_bytree"": 0.512461690930652, ""learning_rate"": 0.06269585526162812, ""min_child_samples"": 27, ""n_estimators"": 600, ""num_leaves"": 45, ""reg_alpha"": 0.09885922717859819, ""reg_lambda"": 0.02565104288341578, ""subsample"": 0.9101736391921752}",PRUNED
12,0.22696482438891055,2026-10-07 04:11:35.501224,2026-10-07 04:11:46.010454,0 days 00:00:10.509230,0.40424409292436736,0.06030837572786565,36,200,40,0.004457346949822738,0.003894347176825979,0.8658894253904598,,"{""colsample_bytree"": 0.40424409292436736, ""learning_rate"": 0.06030837572786565, ""min_child_samples"": 36, ""n_estimators"": 200, ""num_leaves"": 40, ""reg_alpha"": 0.004457346949822738, ""reg_lambda"": 0.003894347176825979, ""subsample"": 0.8658894253904598}",COMPLETE
13,0.23507178599103146,2026-10-07 04:11:46.010534,2026-10-07 04:11:50.795100,0 days 00:00:04.784566,0.45397663034575886,0.04066234445914622,49,300,75,0.0034229563757543096,0.0037447998859583284,0.8315223989103091,,"{""colsample_bytree"": 0.45397663034575886, ""learning_rate"": 0.04066234445914622, ""min_child_samples"": 49, ""n_estimators"": 300, ""num_leaves"": 75, ""reg_alpha"": 0.0034229563757543096, ""reg_lambda"": 0.0037447998859583284, ""subsample"": 0.8315223989103091}",PRUNED
14,0.22495454502559717,2026-10-07 04:11:50.795146,2026-10-07 04:12:01.200744,0 days 00:00:10.405598,0.41914035859303866,0.07194015401599804,11,200,55,0.0032090117146167697,0.002808697648293863,0.9180701188200475,,"{""colsample_bytree"": 0.41914035859303866, ""learning_rate"": 0.07194015401599804, ""min_child_samples"": 11, ""n_estimators"": 200, ""num_leaves"": 55, ""reg_alpha"": 0.0032090117146167697, ""reg_lambda"": 0.002808697648293863, ""subsample"": 0.9180701188200475}",COMPLETE
15,0.22611597556510232,2026-10-07 04:12:01.200839,2026-10-07 04:12:16.515785,0 days 00:00:15.314946,0.43809163022016373,0.0536539042016735,26,500,26,0.005855890580993271,0.01657045242716594,0.8018983352292774,,"{""colsample_bytree"": 0.43809163022016373, ""learning_rate"": 0.0536539042016735, ""min_child_samples"": 26, ""n_estimators"": 500, ""num_leaves"": 26, ""reg_alpha"": 0.005855890580993271, ""reg_lambda"": 0.01657045242716594, ""subsample"": 0.8018983352292774}",COMPLETE
16,0.23694342217636655,2026-10-07 04:12:16.515871,2026-10-07 04:12:19.853726,0 days 00:00:03.337855,0.4502452363215289,0.08840166711000069,136,200,31,0.005959136760161407,0.004170632124548264,0.8796604304987933,,"{""colsample_bytree"": 0.4502452363215289, ""learning_rate"": 0.08840166711000069, ""min_child_samples"": 136, ""n_estimators"": 200, ""num_leaves"": 31, ""reg_alpha"": 0.005959136760161407, ""reg_lambda"": 0.004170632124548264, ""subsample"": 0.8796604304987933}",PRUNED
17,0.23480207800020214,2026-10-07 04:12:19.853774,2026-10-07 04:12:23.496104,0 days 00:00:03.642330,0.56049228781868,0.10727735093685349,32,300,35,0.01525616391260847,0.0018490350806111334,0.8823445730111488,,"{""colsample_bytree"": 0.56049228781868, ""learning_rate"": 0.10727735093685349, ""min_child_samples"": 32, ""n_estimators"": 300, ""num_leaves"": 35, ""reg_alpha"": 0.01525616391260847, ""reg_lambda"": 0.0018490350806111334, ""subsample"": 0.8823445730111488}",PRUNED
18,0.22399440971886225,2026-10-07 04:12:23.496151,2026-10-07 04:12:28.479742,0 days 00:00:04.983591,0.49997368287676097,0.0706268654553644,62,400,55,0.03749166322854262,0.004999163535628806,0.869073850769925,,"{""colsample_bytree"": 0.49997368287676097, ""learning_rate"": 0.0706268654553644, ""min_child_samples"": 62, ""n_estimators"": 400, ""num_leaves"": 55, ""reg_alpha"": 0.03749166322854262, ""reg_lambda"": 0.004999163535628806, ""subsample"": 0.869073850769925}",PRUNED
19,0.22847110742431476,2026-10-07 04:12:28.479788,2026-10-07 04:12:41.787422,0 days 00:00:13.307634,0.4306833104559269,0.049253675455441535,23,300,50,0.002607367786857893,0.09961205396529192,0.9133480864654051,,"{""colsample_bytree"": 0.4306833104559269, ""learning_rate"": 0.049253675455441535, ""min_child_samples"": 23, ""n_estimators"": 300, ""num_leaves"": 50, ""reg_alpha"": 0.002607367786857893, ""reg_lambda"": 0.09961205396529192, ""subsample"": 0.9133480864654051}",COMPLETE
20,0.22608480858468463,2026-10-07 04:12:41.787507,2026-10-07 04:12:55.602402,0 days 00:00:13.814895,0.4093205189730621,0.05803386259561306,67,400,39,0.0034914801833575643,0.04591307419815945,0.9608039425026608,,"{""colsample_bytree"": 0.4093205189730621, ""learning_rate"": 0.05803386259561306, ""min_child_samples"": 67, ""n_estimators"": 400, ""num_leaves"": 39, ""reg_alpha"": 0.0034914801833575643, ""reg_lambda"": 0.04591307419815945, ""subsample"": 0.9608039425026608}",COMPLETE
21,0.2301648154014049,2026-10-07 04:12:55.602487,2026-10-07 04:13:10.703534,0 days 00:00:15.101047,0.40665670497218404,0.03534313671286354,26,400,36,0.11997887342667014,0.0071057709138523445,0.8856849403833693,,"{""colsample_bytree"": 0.40665670497218404, ""learning_rate"": 0.03534313671286354, ""min_child_samples"": 26, ""n_estimators"": 400, ""num_leaves"": 36, ""reg_alpha"": 0.11997887342667014, ""reg_lambda"": 0.0071057709138523445, ""subsample"": 0.8856849403833693}",COMPLETE
22,0.22890451711238688,2026-10-07 04:13:10.703617,2026-10-07 04:13:26.868649,0 days 00:00:16.165032,0.5368857264340783,0.040219117392349346,18,500,47,0.0018317020998829129,0.03240462695650188,0.9155248881004208,,"{""colsample_bytree"": 0.5368857264340783, ""learning_rate"": 0.040219117392349346, ""min_child_samples"": 18, ""n_estimators"": 500, ""num_leaves"": 47, ""reg_alpha"": 0.0018317020998829129, ""reg_lambda"": 0.03240462695650188, ""subsample"": 0.9155248881004208}",COMPLETE
23,0.23066563459194478,2026-10-07 04:13:26.868735,2026-10-07 04:13:40.560862,0 days 00:00:13.692127,0.4302442679890884,0.0356313863127989,15,400,32,0.4999993036279122,0.0024051658742427107,0.8352052778798111,,"{""colsample_bytree"": 0.4302442679890884, ""learning_rate"": 0.0356313863127989, ""min_child_samples"": 15, ""n_estimators"": 400, ""num_leaves"": 32, ""reg_alpha"": 0.4999993036279122, ""reg_lambda"": 0.0024051658742427107, ""subsample"": 0.8352052778798111}",COMPLETE
24,0.23042245993216282,2026-10-07 04:13:40.560952,2026-10-07 04:13:54.668682,0 days 00:00:14.107730,0.40237565065930614,0.03323105415172676,17,400,29,0.035804174453667965,0.0024403008865833517,0.85726956604091,,"{""colsample_bytree"": 0.40237565065930614, ""learning_rate"": 0.03323105415172676, ""min_child_samples"": 17, ""n_estimators"": 400, ""num_leaves"": 29, ""reg_alpha"": 0.035804174453667965, ""reg_lambda"": 0.0024403008865833517, ""subsample"": 0.85726956604091}",COMPLETE
25,0.23121476800232585,2026-10-07 04:13:54.668776,2026-10-07 04:14:10.295517,0 days 00:00:15.626741,0.4115740368278347,0.03203780651463518,13,400,28,0.18138974872103192,0.007011796527580571,0.8285179264283057,,"{""colsample_bytree"": 0.4115740368278347, ""learning_rate"": 0.03203780651463518, ""min_child_samples"": 13, ""n_estimators"": 400, ""num_leaves"": 28, ""reg_alpha"": 0.18138974872103192, ""reg_lambda"": 0.007011796527580571, ""subsample"": 0.8285179264283057}",COMPLETE
26,0.22685884784405363,2026-10-07 04:14:10.295607,2026-10-07 04:14:25.131828,0 days 00:00:14.836221,0.4045874462053943,0.051099341665112964,12,400,36,0.301704762019859,0.004063025936056787,0.7244133975827185,,"{""colsample_bytree"": 0.4045874462053943, ""learning_rate"": 0.051099341665112964, ""min_child_samples"": 12, ""n_estimators"": 400, ""num_leaves"": 36, ""reg_alpha"": 0.301704762019859, ""reg_lambda"": 0.004063025936056787, ""subsample"": 0.7244133975827185}",COMPLETE
27,0.23113991074701135,2026-10-07 04:14:25.131922,2026-10-07 04:14:39.391114,0 days 00:00:14.259192,0.5177538045776995,0.02978476268401647,16,400,34,0.22557699412790838,0.001713801352374504,0.8651157079734497,,"{""colsample_bytree"": 0.5177538045776995, ""learning_rate"": 0.02978476268401647, ""min_child_samples"": 16, ""n_estimators"": 400, ""num_leaves"": 34, ""reg_alpha"": 0.22557699412790838, ""reg_lambda"": 0.001713801352374504, ""subsample"": 0.8651157079734497}",COMPLETE
28,0.22944730234435906,2026-10-07 04:14:39.391209,2026-10-07 04:14:52.400154,0 days 00:00:13.008945,0.43625401873294833,0.02901189540038654,25,300,25,0.22761719406122233,0.004014488895677562,0.812527983793194,,"{""colsample_bytree"": 0.43625401873294833, ""learning_rate"": 0.02901189540038654, ""min_child_samples"": 25, ""n_estimators"": 300, ""num_leaves"": 25, ""reg_alpha"": 0.22761719406122233, ""reg_lambda"": 0.004014488895677562, ""subsample"": 0.812527983793194}",COMPLETE
29,0.2308478563331251,2026-10-07 04:14:52.400250,2026-10-07 04:15:08.127263,0 days 00:00:15.727013,0.40644687949875286,0.03362503260307486,15,400,37,0.44891761200090147,0.00309584258759569,0.877171395743424,,"{""colsample_bytree"": 0.40644687949875286, ""learning_rate"": 0.03362503260307486, ""min_child_samples"": 15, ""n_estimators"": 400, ""num_leaves"": 37, ""reg_alpha"": 0.44891761200090147, ""reg_lambda"": 0.00309584258759569, ""subsample"": 0.877171395743424}",COMPLETE
30,0.22985368034280326,2026-10-07 04:15:08.127350,2026-10-07 04:15:18.747370,0 days 00:00:10.620020,0.5072545854501876,0.032914877266178214,14,200,31,0.16377943277007878,0.007123527100714569,0.8463587460003406,,"{""colsample_bytree"": 0.5072545854501876, ""learning_rate"": 0.032914877266178214, ""min_child_samples"": 14, ""n_estimators"": 200, ""num_leaves"": 31, ""reg_alpha"": 0.16377943277007878, ""reg_lambda"": 0.007123527100714569, ""subsample"": 0.8463587460003406}",COMPLETE
31,0.22974603223984968,2026-10-07 04:15:18.747558,2026-10-07 04:15:33.529496,0 days 00:00:14.781938,0.43630399005243437,0.04458755689690622,17,300,33,1.4479154389877995,0.013678833873937736,0.8739073749548705,,"{""colsample_bytree"": 0.43630399005243437, ""learning_rate"": 0.04458755689690622, ""min_child_samples"": 17, ""n_estimators"": 300, ""num_leaves"": 33, ""reg_alpha"": 1.4479154389877995, ""reg_lambda"": 0.013678833873937736, ""subsample"": 0.8739073749548705}",COMPLETE
32,0.23133135665873894,2026-10-07 04:15:33.529586,2026-10-07 04:15:49.344748,0 days 00:00:15.815162,0.4225352261138199,0.024346009536514703,11,400,31,0.091004904756773,0.004928146796141288,0.8252279685212818,,"{""colsample_bytree"": 0.4225352261138199, ""learning_rate"": 0.024346009536514703, ""min_child_samples"": 11, ""n_estimators"": 400, ""num_leaves"": 31, ""reg_alpha"": 0.091004904756773, ""reg_lambda"": 0.004928146796141288, ""subsample"": 0.8252279685212818}",COMPLETE
33,0.23073046495366356,2026-10-07 04:15:49.344878,2026-10-07 04:16:04.411498,0 days 00:00:15.066620,0.40902344242811084,0.03639466059452505,12,400,20,0.1827098874168932,0.008987768705048972,0.8451525687446343,,"{""colsample_bytree"": 0.40902344242811084, ""learning_rate"": 0.03639466059452505, ""min_child_samples"": 12, ""n_estimators"": 400, ""num_leaves"": 20, ""reg_alpha"": 0.1827098874168932, ""reg_lambda"": 0.008987768705048972, ""subsample"": 0.8451525687446343}",COMPLETE
34,0.23914178406860975,2026-10-07 04:16:04.411601,2026-10-07 04:16:08.452231,0 days 00:00:04.040630,0.500598019963586,0.05181369054770437,12,300,37,0.04917874728402497,0.002520399714794405,0.8746685582571853,,"{""colsample_bytree"": 0.500598019963586, ""learning_rate"": 0.05181369054770437, ""min_child_samples"": 12, ""n_estimators"": 300, ""num_leaves"": 37, ""reg_alpha"": 0.04917874728402497, ""reg_lambda"": 0.002520399714794405, ""subsample"": 0.8746685582571853}",PRUNED
35,0.23048415526099328,2026-10-07 04:16:08.452285,2026-10-07 04:16:21.888427,0 days 00:00:13.436142,0.41167915645160436,0.02299629921874712,14,400,23,0.2772269402810372,0.0015727318981352968,0.9105935581342155,,"{""colsample_bytree"": 0.41167915645160436, ""learning_rate"": 0.02299629921874712, ""min_child_samples"": 14, ""n_estimators"": 400, ""num_leaves"": 23, ""reg_alpha"": 0.2772269402810372, ""reg_lambda"": 0.0015727318981352968, ""subsample"": 0.9105935581342155}",COMPLETE
36,0.22965930202375065,2026-10-07 04:16:21.888517,2026-10-07 04:16:40.760070,0 days 00:00:18.871553,0.424359532001325,0.020071061566933047,20,500,42,0.7725739628796743,0.003366991039192043,0.8514340139897362,,"{""colsample_bytree"": 0.424359532001325, ""learning_rate"": 0.020071061566933047, ""min_child_samples"": 20, ""n_estimators"": 500, ""num_leaves"": 42, ""reg_alpha"": 0.7725739628796743, ""reg_lambda"": 0.003366991039192043, ""subsample"": 0.8514340139897362}",COMPLETE
37,0.24147827693739687,2026-10-07 04:16:40.760205,2026-10-07 04:16:46.902971,0 days 00:00:06.142766,0.4011377288758575,0.03965923883950974,19,600,41,0.08947605491068951,0.0018108201209355323,0.8330650947863969,,"{""colsample_bytree"": 0.4011377288758575, ""learning_rate"": 0.03965923883950974, ""min_child_samples"": 19, ""n_estimators"": 600, ""num_leaves"": 41, ""reg_alpha"": 0.08947605491068951, ""reg_lambda"": 0.0018108201209355323, ""subsample"": 0.8330650947863969}",PRUNED
38,0.23307942562731568,2026-10-07 04:16:46.903017,2026-10-07 04:17:03.911987,0 days 00:00:17.008970,0.4323746402477565,0.0221686006920873,18,500,40,0.05650965138030809,0.01349994815607303,0.8471889405687342,,"{""colsample_bytree"": 0.4323746402477565, ""learning_rate"": 0.0221686006920873, ""min_child_samples"": 18, ""n_estimators"": 500, ""num_leaves"": 40, ""reg_alpha"": 0.05650965138030809, ""reg_lambda"": 0.01349994815607303, ""subsample"": 0.8471889405687342}",COMPLETE
39,0.22999590308720022,2026-10-07 04:17:03.912068,2026-10-07 04:17:19.213674,0 days 00:00:15.301606,0.4685441626552069,0.018649881955548352,11,400,35,0.9867192733930504,0.0069231325708268045,0.8090542811310695,,"{""colsample_bytree"": 0.4685441626552069, ""learning_rate"": 0.018649881955548352, ""min_child_samples"": 11, ""n_estimators"": 400, ""num_leaves"": 35, ""reg_alpha"": 0.9867192733930504, ""reg_lambda"": 0.0069231325708268045, ""subsample"": 0.8090542811310695}",COMPLETE
