number,value,datetime_start,datetime_complete,duration,params_max_depth,params_max_features,params_min_samples_leaf,params_n_estimators,system_attrs_fixed_params,system_attrs_tpe:relative_params:0,state
0,0.21940430646854123,2026-10-07 03:42:17.012316,2026-10-07 03:43:06.324851,0 days 00:00:49.312535,12,0.2,20,200,"{'n_estimators': 200, 'max_depth': 12, 'min_samples_leaf': 20, 'max_features': 0.2}",,COMPLETE
1,0.21754930755716803,2026-10-07 03:43:06.324915,2026-10-07 03:45:01.486714,0 days 00:01:55.161799,20,0.31939631788866646,44,300,,,COMPLETE
2,0.21784802378815493,2026-10-07 03:45:01.486784,2026-10-07 03:46:02.132916,0 days 00:01:00.646132,6,0.4397792655987208,5,200,,,COMPLETE
3,0.22183607811587622,2026-10-07 03:46:02.132981,2026-10-07 03:50:06.284582,0 days 00:04:04.151601,16,0.48645943347289744,5,400,,,COMPLETE
4,0.21591688874664117,2026-10-07 03:50:06.284649,2026-10-07 03:51:08.739812,0 days 00:01:02.455163,7,0.13253202943404524,8,500,,,COMPLETE
5,0.2202511398271998,2026-10-07 03:51:08.739883,2026-10-07 03:52:18.058967,0 days 00:01:09.319084,12,0.18105311308911887,17,300,,,COMPLETE
6,0.23239798894252137,2026-10-07 03:52:18.059032,2026-10-07 03:52:39.890501,0 days 00:00:21.831469,6,0.2148628294821613,11,400,,,PRUNED
7,0.2220596345522252,2026-10-07 03:52:39.890550,2026-10-07 03:54:37.855721,0 days 00:01:57.965171,17,0.28140549728612524,8,300,,,COMPLETE
8,0.2196354261641146,2026-10-07 03:54:37.855819,2026-10-07 03:54:49.411697,0 days 00:00:11.555878,4,0.1267358556592812,30,400,,,PRUNED
9,0.22978472270944417,2026-10-07 03:54:49.411739,2026-10-07 03:55:19.626898,0 days 00:00:30.215159,20,0.4137788066524075,90,200,,,PRUNED
10,0.222260068453199,2026-10-07 03:55:19.626940,2026-10-07 03:57:01.142054,0 days 00:01:41.515114,12,0.2955455950789638,5,300,,"{""max_depth"": 12, ""max_features"": 0.2955455950789638, ""min_samples_leaf"": 5, ""n_estimators"": 300}",COMPLETE
11,0.22206944283049515,2026-10-07 03:57:01.142157,2026-10-07 03:59:07.315787,0 days 00:02:06.173630,14,0.34437618767323525,8,300,,"{""max_depth"": 14, ""max_features"": 0.34437618767323525, ""min_samples_leaf"": 8, ""n_estimators"": 300}",COMPLETE
